<?xml version="1.0" encoding="UTF-8"?>
<testng-results ignored="0" total="1" passed="1" failed="0" skipped="0">
  <reporter-output>
  </reporter-output>
  <suite started-at="2024-11-05T21:35:51 SGT" name="Default suite" finished-at="2024-11-05T21:36:06 SGT" duration-ms="14471">
    <groups>
    </groups>
    <test started-at="2024-11-05T21:35:51 SGT" name="Default test" finished-at="2024-11-05T21:36:06 SGT" duration-ms="14471">
      <class name="ratecalculator.tests.RateCalculatorTests">
        <test-method is-config="true" signature="setUp()[pri:0, instance:ratecalculator.tests.RateCalculatorTests@74fe5c40]" started-at="2024-11-05T21:35:51 SGT" name="setUp" finished-at="2024-11-05T21:36:04 SGT" duration-ms="12311" status="PASS">
          <reporter-output>
          </reporter-output>
        </test-method> <!-- setUp -->
        <test-method signature="calculateShippingRate()[pri:0, instance:ratecalculator.tests.RateCalculatorTests@74fe5c40]" started-at="2024-11-05T21:36:04 SGT" name="calculateShippingRate" finished-at="2024-11-05T21:36:05 SGT" duration-ms="1900" status="PASS">
          <reporter-output>
          </reporter-output>
        </test-method> <!-- calculateShippingRate -->
        <test-method is-config="true" signature="endTest()[pri:0, instance:ratecalculator.tests.RateCalculatorTests@74fe5c40]" started-at="2024-11-05T21:36:05 SGT" name="endTest" finished-at="2024-11-05T21:36:06 SGT" duration-ms="223" status="PASS">
          <reporter-output>
          </reporter-output>
        </test-method> <!-- endTest -->
      </class> <!-- ratecalculator.tests.RateCalculatorTests -->
    </test> <!-- Default test -->
  </suite> <!-- Default suite -->
</testng-results>
